AndroidPlatformFactory.RegisterBuildPlatforms: UnrealBuildTool.AndroidPlatformSDK has no valid SDK
IOSPlatformFactory.RegisterBuildPlatforms: UnrealBuildTool.IOSPlatformSDK has no valid SDK
LinuxPlatformFactory.RegisterBuildPlatforms: UnrealBuildTool.LinuxPlatformSDK has no valid SDK
WindowsPlatformFactory.RegisterBuildPlatforms: UnrealBuildTool.WindowsPlatformSDK using manually installed SDK
ProjectFileGenerator.GenerateProjectFiles: Discovering modules, targets and source code for project...
WindowsPlatform.FindVSInstallDirs: Found Visual Studio installation: C:\Program Files (x86)\Microsoft Visual Studio\2017\Community (Product=Microsoft.VisualStudio.Product.Community, Version=15.7.27703.2000, Sort=0)
WindowsPlatform.GetDefaultCompiler: WARNING: Visual Studio 2017 is installed, but is missing the C++ toolchain. Please verify that the "VC++ 2017 toolset" component is selected in the Visual Studio 2017 installation options.
UnrealBuildTool.Main: ERROR: Visual Studio 2019 must be installed in order to build this target.
UnrealBuildTool.Main: BuildException: Visual Studio 2019 must be installed in order to build this target.
UnrealBuildTool.Main:    at UnrealBuildTool.VCEnvironment.Create(WindowsCompiler Compiler, UnrealTargetPlatform Platform, WindowsArchitecture Architecture, String CompilerVersion, String WindowsSdkVersion, String SuppliedSdkDirectoryForVersion) in D:\Build\++UE4+Licensee\Sync\Engine\Saved\CsTools\Engine\Source\Programs\UnrealBuildTool\Platform\Windows\VCEnvironment.cs:line 510
UnrealBuildTool.Main:    at UnrealBuildTool.WindowsPlatform.CreateVCEnvironment(TargetRules Target) in D:\Build\++UE4+Licensee\Sync\Engine\Saved\CsTools\Engine\Source\Programs\UnrealBuildTool\Platform\Windows\UEBuildWindows.cs:line 710
UnrealBuildTool.Main:    at UnrealBuildTool.WindowsPlatform.ValidateTarget(TargetRules Target) in D:\Build\++UE4+Licensee\Sync\Engine\Saved\CsTools\Engine\Source\Programs\UnrealBuildTool\Platform\Windows\UEBuildWindows.cs:line 792
UnrealBuildTool.Main:    at UnrealBuildTool.RulesAssembly.CreateTargetRulesInstance(String TypeName, TargetInfo TargetInfo) in D:\Build\++UE4+Licensee\Sync\Engine\Saved\CsTools\Engine\Source\Programs\UnrealBuildTool\System\RulesAssembly.cs:line 568
UnrealBuildTool.Main:    at UnrealBuildTool.RulesAssembly.CreateTargetRules(String TargetName, UnrealTargetPlatform Platform, UnrealTargetConfiguration Configuration, String Architecture, FileReference ProjectFile, CommandLineArguments Arguments) in D:\Build\++UE4+Licensee\Sync\Engine\Saved\CsTools\Engine\Source\Programs\UnrealBuildTool\System\RulesAssembly.cs:line 628
UnrealBuildTool.Main:    at UnrealBuildTool.ProjectFileGenerator.AddProjectsForAllTargets(PlatformProjectGeneratorCollection PlatformProjectGenerators, List`1 AllGames, List`1 AllTargetFiles, String[] Arguments, ProjectFile& EngineProject, ProjectFile& EnterpriseProject, List`1& GameProjects, Dictionary`2& ProgramProjects) in D:\Build\++UE4+Licensee\Sync\Engine\Saved\CsTools\Engine\Source\Programs\UnrealBuildTool\ProjectFiles\ProjectFileGenerator.cs:line 2293
UnrealBuildTool.Main:    at UnrealBuildTool.ProjectFileGenerator.GenerateProjectFiles(PlatformProjectGeneratorCollection PlatformProjectGenerators, String[] Arguments) in D:\Build\++UE4+Licensee\Sync\Engine\Saved\CsTools\Engine\Source\Programs\UnrealBuildTool\ProjectFiles\ProjectFileGenerator.cs:line 753
UnrealBuildTool.Main:    at UnrealBuildTool.GenerateProjectFilesMode.Execute(CommandLineArguments Arguments) in D:\Build\++UE4+Licensee\Sync\Engine\Saved\CsTools\Engine\Source\Programs\UnrealBuildTool\Modes\GenerateProjectFilesMode.cs:line 198
UnrealBuildTool.Main:    at UnrealBuildTool.UnrealBuildTool.Main(String[] ArgumentsArray) in D:\Build\++UE4+Licensee\Sync\Engine\Saved\CsTools\Engine\Source\Programs\UnrealBuildTool\UnrealBuildTool.cs:line 550
Timeline.Print: Timeline:
Timeline.Print: 
Timeline.Print: [ 0.000]
Timeline.Print: [ 0.000](+0.030) <unknown>
Timeline.Print: [ 0.030](+0.068) XmlConfig.ReadConfigFiles()
Timeline.Print: [ 0.098](+0.000) SingleInstanceMutex.Acquire()
Timeline.Print: [ 0.098](+0.053) UEBuildPlatform.RegisterPlatforms()
Timeline.Print:   0.099          [ 0.000](+0.026) Initializing InstalledPlatformInfo
Timeline.Print:   0.125          [ 0.026](+0.000) Querying types
Timeline.Print:   0.126          [ 0.028](+0.001) MacPlatformFactory
Timeline.Print:   0.128          [ 0.029](+0.000) TVOSPlatformFactory
Timeline.Print:   0.128          [ 0.029](+0.016) AndroidPlatformFactory
Timeline.Print:   0.144          [ 0.045](+0.000) HoloLensPlatformFactory
Timeline.Print:   0.144          [ 0.045](+0.003) IOSPlatformFactory
Timeline.Print:   0.148          [ 0.049](+0.003) LinuxPlatformFactory
Timeline.Print:   0.151          [ 0.052](+0.000) LuminPlatformFactory
Timeline.Print:   0.151          [ 0.052](+0.000) WindowsPlatformFactory
Timeline.Print: [ 0.152](+0.278) <unknown>
Timeline.Print: [ 0.430](+0.002) Finding engine modules
Timeline.Print: [ 0.432](+0.002) Finding plugin modules
Timeline.Print: [ 0.435](+0.029) <unknown>
Timeline.Print: [ 0.464](+0.000) Finding program modules
Timeline.Print: [ 0.464](+0.000) Finding program targets
Timeline.Print: [ 0.464](+0.039) <unknown>
Timeline.Print: [ 0.503](+0.000) FileMetadataPrefetch.Stop()
Timeline.Print: [ 0.506]
