AndroidPlatformFactory.RegisterBuildPlatforms: UnrealBuildTool.AndroidPlatformSDK has no valid SDK
IOSPlatformFactory.RegisterBuildPlatforms: UnrealBuildTool.IOSPlatformSDK has no valid SDK
LinuxPlatformFactory.RegisterBuildPlatforms: UnrealBuildTool.LinuxPlatformSDK has no valid SDK
WindowsPlatformFactory.RegisterBuildPlatforms: UnrealBuildTool.WindowsPlatformSDK using manually installed SDK
ProjectFileGenerator.GenerateProjectFiles: Discovering modules, targets and source code for project...
WindowsPlatform.FindVSInstallDirs: Found Visual Studio installation: C:\Program Files (x86)\Microsoft Visual Studio\2019\Community (Product=Microsoft.VisualStudio.Product.Community, Version=16.7.30523.141, Sort=0)
WindowsPlatform.FindToolChainDirs: Found Visual Studio toolchain: C:\Program Files (x86)\Microsoft Visual Studio\2019\Community\VC\Tools\MSVC\14.27.29110 (Version=14.27.29112)
WindowsPlatform.EnumerateSdkRootDirs: Found Windows 10 SDK root at C:\Program Files (x86)\Windows Kits\10 (1)
WindowsPlatform.EnumerateSdkRootDirs: Found Windows 10 SDK root at C:\Program Files (x86)\Windows Kits\10 (2)
WindowsPlatform.UpdateCachedWindowsSdks: Found Windows 10 SDK version 10.0.18362.0 at C:\Program Files (x86)\Windows Kits\10
WindowsPlatform.UpdateCachedWindowsSdks: Found Universal CRT version 10.0.18362.0 at C:\Program Files (x86)\Windows Kits\10
UnrealBuildTool.Main: ERROR: Could not find NetFxSDK install dir; this will prevent SwarmInterface from installing.  Install a version of .NET Framework SDK at 4.6.0 or higher.
UnrealBuildTool.Main: BuildException: Could not find NetFxSDK install dir; this will prevent SwarmInterface from installing.  Install a version of .NET Framework SDK at 4.6.0 or higher.
UnrealBuildTool.Main:    at UnrealBuildTool.VCEnvironment.SetupEnvironment(UnrealTargetPlatform Platform) in D:\Build\++UE4+Licensee\Sync\Engine\Saved\CsTools\Engine\Source\Programs\UnrealBuildTool\Platform\Windows\VCEnvironment.cs:line 446
UnrealBuildTool.Main:    at UnrealBuildTool.VCEnvironment..ctor(UnrealTargetPlatform Platform, WindowsCompiler Compiler, DirectoryReference CompilerDir, VersionNumber CompilerVersion, WindowsArchitecture Architecture, WindowsCompiler ToolChain, DirectoryReference ToolChainDir, VersionNumber ToolChainVersion, DirectoryReference WindowsSdkDir, VersionNumber WindowsSdkVersion) in D:\Build\++UE4+Licensee\Sync\Engine\Saved\CsTools\Engine\Source\Programs\UnrealBuildTool\Platform\Windows\VCEnvironment.cs:line 136
UnrealBuildTool.Main:    at UnrealBuildTool.VCEnvironment.Create(WindowsCompiler Compiler, UnrealTargetPlatform Platform, WindowsArchitecture Architecture, String CompilerVersion, String WindowsSdkVersion, String SuppliedSdkDirectoryForVersion) in D:\Build\++UE4+Licensee\Sync\Engine\Saved\CsTools\Engine\Source\Programs\UnrealBuildTool\Platform\Windows\VCEnvironment.cs:line 541
UnrealBuildTool.Main:    at UnrealBuildTool.WindowsPlatform.CreateVCEnvironment(TargetRules Target) in D:\Build\++UE4+Licensee\Sync\Engine\Saved\CsTools\Engine\Source\Programs\UnrealBuildTool\Platform\Windows\UEBuildWindows.cs:line 710
UnrealBuildTool.Main:    at UnrealBuildTool.WindowsPlatform.ValidateTarget(TargetRules Target) in D:\Build\++UE4+Licensee\Sync\Engine\Saved\CsTools\Engine\Source\Programs\UnrealBuildTool\Platform\Windows\UEBuildWindows.cs:line 792
UnrealBuildTool.Main:    at UnrealBuildTool.RulesAssembly.CreateTargetRulesInstance(String TypeName, TargetInfo TargetInfo) in D:\Build\++UE4+Licensee\Sync\Engine\Saved\CsTools\Engine\Source\Programs\UnrealBuildTool\System\RulesAssembly.cs:line 568
UnrealBuildTool.Main:    at UnrealBuildTool.RulesAssembly.CreateTargetRules(String TargetName, UnrealTargetPlatform Platform, UnrealTargetConfiguration Configuration, String Architecture, FileReference ProjectFile, CommandLineArguments Arguments) in D:\Build\++UE4+Licensee\Sync\Engine\Saved\CsTools\Engine\Source\Programs\UnrealBuildTool\System\RulesAssembly.cs:line 628
UnrealBuildTool.Main:    at UnrealBuildTool.ProjectFileGenerator.AddProjectsForAllTargets(PlatformProjectGeneratorCollection PlatformProjectGenerators, List`1 AllGames, List`1 AllTargetFiles, String[] Arguments, ProjectFile& EngineProject, ProjectFile& EnterpriseProject, List`1& GameProjects, Dictionary`2& ProgramProjects) in D:\Build\++UE4+Licensee\Sync\Engine\Saved\CsTools\Engine\Source\Programs\UnrealBuildTool\ProjectFiles\ProjectFileGenerator.cs:line 2293
UnrealBuildTool.Main:    at UnrealBuildTool.ProjectFileGenerator.GenerateProjectFiles(PlatformProjectGeneratorCollection PlatformProjectGenerators, String[] Arguments) in D:\Build\++UE4+Licensee\Sync\Engine\Saved\CsTools\Engine\Source\Programs\UnrealBuildTool\ProjectFiles\ProjectFileGenerator.cs:line 753
UnrealBuildTool.Main:    at UnrealBuildTool.GenerateProjectFilesMode.Execute(CommandLineArguments Arguments) in D:\Build\++UE4+Licensee\Sync\Engine\Saved\CsTools\Engine\Source\Programs\UnrealBuildTool\Modes\GenerateProjectFilesMode.cs:line 198
UnrealBuildTool.Main:    at UnrealBuildTool.UnrealBuildTool.Main(String[] ArgumentsArray) in D:\Build\++UE4+Licensee\Sync\Engine\Saved\CsTools\Engine\Source\Programs\UnrealBuildTool\UnrealBuildTool.cs:line 550
Timeline.Print: Timeline:
Timeline.Print: 
Timeline.Print: [ 0.000]
Timeline.Print: [ 0.000](+0.026) <unknown>
Timeline.Print: [ 0.026](+0.081) XmlConfig.ReadConfigFiles()
Timeline.Print: [ 0.108](+0.000) SingleInstanceMutex.Acquire()
Timeline.Print: [ 0.108](+0.104) UEBuildPlatform.RegisterPlatforms()
Timeline.Print:   0.109          [ 0.000](+0.076) Initializing InstalledPlatformInfo
Timeline.Print:   0.185          [ 0.077](+0.000) Querying types
Timeline.Print:   0.186          [ 0.078](+0.001) MacPlatformFactory
Timeline.Print:   0.188          [ 0.079](+0.000) TVOSPlatformFactory
Timeline.Print:   0.188          [ 0.079](+0.015) AndroidPlatformFactory
Timeline.Print:   0.204          [ 0.095](+0.000) HoloLensPlatformFactory
Timeline.Print:   0.204          [ 0.095](+0.003) IOSPlatformFactory
Timeline.Print:   0.208          [ 0.099](+0.004) LinuxPlatformFactory
Timeline.Print:   0.212          [ 0.103](+0.000) LuminPlatformFactory
Timeline.Print:   0.212          [ 0.104](+0.000) WindowsPlatformFactory
Timeline.Print: [ 0.213](+1.535) <unknown>
Timeline.Print: [ 1.749](+0.002) Finding engine modules
Timeline.Print: [ 1.751](+0.002) Finding plugin modules
Timeline.Print: [ 1.753](+0.125) <unknown>
Timeline.Print: [ 1.879](+0.000) Finding program modules
Timeline.Print: [ 1.879](+0.000) Finding program targets
Timeline.Print: [ 1.879](+0.076) <unknown>
Timeline.Print: [ 1.955](+0.000) FileMetadataPrefetch.Stop()
Timeline.Print: [ 1.957]
