  Using 'git status' to determine working set for adaptive non-unity build (D:\Documents\GitHub\SAT_molecule_unreal_OSC_NDI_Test).
  Creating makefile for Molecule_Floor_DemoEditor (no existing makefile)
  Parsing headers for Molecule_Floor_DemoEditor
    Running UnrealHeaderTool "D:\Documents\GitHub\SAT_molecule_unreal_OSC_NDI_Test\Molecule_Floor_Demo\Molecule_Floor_Demo.uproject" "D:\Documents\GitHub\SAT_molecule_unreal_OSC_NDI_Test\Molecule_Floor_Demo\Intermediate\Build\Win64\Molecule_Floor_DemoEditor\Development\Molecule_Floor_DemoEditor.uhtmanifest" -LogCmds="loginit warning, logexit warning, logdatabase error" -Unattended -WarningsAsErrors -abslog="C:\Users\GuiRay\AppData\Local\UnrealBuildTool\Log_UHT.txt" -installed
  Reflection code generated for Molecule_Floor_DemoEditor in 5.1218528 seconds
  Building Molecule_Floor_DemoEditor...
  Using Visual Studio 2019 14.27.29112 toolchain (C:\Program Files (x86)\Microsoft Visual Studio\2019\Community\VC\Tools\MSVC\14.27.29110) and Windows 10.0.18362.0 SDK (C:\Program Files (x86)\Windows Kits\10).
  Building 7 actions with 16 processes...
    [1/7] Default.rc2
    [2/7] PCH.OSC.cpp
    [3/7] Module.OSC.gen.cpp
    [4/7] Module.OSC.cpp
D:/Documents/GitHub/SAT_molecule_unreal_OSC_NDI_Test/Molecule_Floor_Demo/Plugins/OSC/Source/OSC/Private/Common/oscpack/osc/OscOutboundPacketStream.cpp(357): warning C4996: 'strcpy': This function or variable may be unsafe. Consider using strcpy_s instead. To disable deprecation, use _CRT_SECURE_NO_WARNINGS. See online help for details.
D:/Documents/GitHub/SAT_molecule_unreal_OSC_NDI_Test/Molecule_Floor_Demo/Plugins/OSC/Source/OSC/Private/Common/oscpack/osc/OscOutboundPacketStream.cpp(635): warning C4996: 'strcpy': This function or variable may be unsafe. Consider using strcpy_s instead. To disable deprecation, use _CRT_SECURE_NO_WARNINGS. See online help for details.
D:/Documents/GitHub/SAT_molecule_unreal_OSC_NDI_Test/Molecule_Floor_Demo/Plugins/OSC/Source/OSC/Private/Common/oscpack/osc/OscOutboundPacketStream.cpp(658): warning C4996: 'strcpy': This function or variable may be unsafe. Consider using strcpy_s instead. To disable deprecation, use _CRT_SECURE_NO_WARNINGS. See online help for details.
D:/Documents/GitHub/SAT_molecule_unreal_OSC_NDI_Test/Molecule_Floor_Demo/Plugins/OSC/Source/OSC/Private/Receive/OscReceiverInputKey.cpp(12): warning C4996: 'sprintf': This function or variable may be unsafe. Consider using sprintf_s instead. To disable deprecation, use _CRT_SECURE_NO_WARNINGS. See online help for details.
    [5/7] UE4Editor-OSC.lib
       Creating library D:\Documents\GitHub\SAT_molecule_unreal_OSC_NDI_Test\Molecule_Floor_Demo\Plugins\OSC\Intermediate\Build\Win64\UE4Editor\Development\OSC\UE4Editor-OSC.lib and object D:\Documents\GitHub\SAT_molecule_unreal_OSC_NDI_Test\Molecule_Floor_Demo\Plugins\OSC\Intermediate\Build\Win64\UE4Editor\Development\OSC\UE4Editor-OSC.exp
    [6/7] UE4Editor-OSC.dll
       Creating library D:\Documents\GitHub\SAT_molecule_unreal_OSC_NDI_Test\Molecule_Floor_Demo\Plugins\OSC\Intermediate\Build\Win64\UE4Editor\Development\OSC\UE4Editor-OSC.suppressed.lib and object D:\Documents\GitHub\SAT_molecule_unreal_OSC_NDI_Test\Molecule_Floor_Demo\Plugins\OSC\Intermediate\Build\Win64\UE4Editor\Development\OSC\UE4Editor-OSC.suppressed.exp
    [7/7] Molecule_Floor_DemoEditor.target
  Total time in Parallel executor: 36.00 seconds
  Total execution time: 43.03 seconds
